<?xml version="1.0" encoding="UTF-8"?>
<testsuite xmlns:xsi="http://www.w3.org/2001/XMLSchema-instance" xsi:noNamespaceSchemaLocation="https://maven.apache.org/surefire/maven-surefire-plugin/xsd/surefire-test-report-3.0.xsd" version="3.0" name="com.example.RestClient.model.PersonIdTypeTest" time="0.014" tests="3" errors="0" skipped="0" failures="0">
  <properties>
[...]
</properties>
  <testcase name="valid_id_test" classname="com.example.RestClient.model.PersonIdTypeTest" time="0.003"/>
  <testcase name="null_person_idType_tests" classname="com.example.RestClient.model.PersonIdTypeTest" time="0.002"/>
  <testcase name="invalid_product_id_tests" classname="com.example.RestClient.model.PersonIdTypeTest" time="0.004"/>
</testsuite>